<?xml version="1.0" encoding="UTF-8"?>
<testsuite xmlns:xsi="http://www.w3.org/2001/XMLSchema-instance" xsi:noNamespaceSchemaLocation="https://maven.apache.org/surefire/maven-surefire-plugin/xsd/surefire-test-report.xsd" name="org.rgd.AppTest" time="0.019" tests="1" errors="0" skipped="0" failures="0">
  <properties>
    <property name="java.specification.version" value="18"/>
    <property name="sun.cpu.isalist" value="amd64"/>
    <property name="sun.jnu.encoding" value="GBK"/>
    <property name="java.class.path" value="D:\Myproject\Java\maven-project\demo1\target\test-classes;D:\Myproject\Java\maven-project\demo1\target\classes;D:\install\maven\repository\junit\junit\4.11\junit-4.11.jar;D:\install\maven\repository\org\hamcrest\hamcrest-core\1.3\hamcrest-core-1.3.jar;"/>
    <property name="java.vm.vendor" value="Oracle Corporation"/>
    <property name="sun.arch.data.model" value="64"/>
    <property name="user.variant" value=""/>
    <property name="java.vendor.url" value="https://java.oracle.com/"/>
    <property name="user.timezone" value="Asia/Shanghai"/>
    <property name="os.name" value="Windows 11"/>
    <property name="java.vm.specification.version" value="18"/>
    <property name="sun.java.launcher" value="SUN_STANDARD"/>
    <property name="user.country" value="CN"/>
    <property name="sun.boot.library.path" value="D:\install\java\bin"/>
    <property name="sun.java.command" value="C:\Users\rgd15\AppData\Local\Temp\surefire10257446558913306514\surefirebooter17265673344889835749.jar C:\Users\rgd15\AppData\Local\Temp\surefire10257446558913306514 2022-09-20T09-44-49_609-jvmRun1 surefire12341621554960106405tmp surefire_03880402332499313270tmp"/>
    <property name="jdk.debug" value="release"/>
    <property name="surefire.test.class.path" value="D:\Myproject\Java\maven-project\demo1\target\test-classes;D:\Myproject\Java\maven-project\demo1\target\classes;D:\install\maven\repository\junit\junit\4.11\junit-4.11.jar;D:\install\maven\repository\org\hamcrest\hamcrest-core\1.3\hamcrest-core-1.3.jar;"/>
    <property name="sun.cpu.endian" value="little"/>
    <property name="user.home" value="C:\Users\rgd15"/>
    <property name="user.language" value="zh"/>
    <property name="java.specification.vendor" value="Oracle Corporation"/>
    <property name="java.version.date" value="2022-07-19"/>
    <property name="java.home" value="D:\install\java"/>
    <property name="file.separator" value="\"/>
    <property name="basedir" value="D:\Myproject\Java\maven-project\demo1"/>
    <property name="java.vm.compressedOopsMode" value="Zero based"/>
    <property name="line.separator" value="&#10;"/>
    <property name="java.vm.specification.vendor" value="Oracle Corporation"/>
    <property name="java.specification.name" value="Java Platform API Specification"/>
    <property name="surefire.real.class.path" value="C:\Users\rgd15\AppData\Local\Temp\surefire10257446558913306514\surefirebooter17265673344889835749.jar"/>
    <property name="user.script" value=""/>
    <property name="sun.management.compiler" value="HotSpot 64-Bit Tiered Compilers"/>
    <property name="java.runtime.version" value="18.0.2+9-61"/>
    <property name="user.name" value="rgd15"/>
    <property name="path.separator" value=";"/>
    <property name="os.version" value="10.0"/>
    <property name="java.runtime.name" value="Java(TM) SE Runtime Environment"/>
    <property name="file.encoding" value="UTF-8"/>
    <property name="java.vm.name" value="Java HotSpot(TM) 64-Bit Server VM"/>
    <property name="localRepository" value="D:\install\maven\repository"/>
    <property name="java.vendor.url.bug" value="https://bugreport.java.com/bugreport/"/>
    <property name="java.io.tmpdir" value="C:\Users\rgd15\AppData\Local\Temp\"/>
    <property name="idea.version" value="2022.1.4"/>
    <property name="java.version" value="18.0.2"/>
    <property name="user.dir" value="D:\Myproject\Java\maven-project\demo1"/>
    <property name="os.arch" value="amd64"/>
    <property name="java.vm.specification.name" value="Java Virtual Machine Specification"/>
    <property name="sun.os.patch.level" value=""/>
    <property name="native.encoding" value="GBK"/>
    <property name="java.library.path" value="D:\install\java\bin;C:\Windows\Sun\Java\bin;C:\Windows\system32;C:\Windows;C:\Program Files\Common Files\Oracle\Java\javapath;D:\install\CUDA\v11.6\bin;D:\install\CUDA\v11.6\libnvvp;C:\Windows\system32;C:\Windows;C:\Windows\System32\Wbem;C:\Windows\System32\WindowsPowerShell\v1.0\;C:\Windows\System32\OpenSSH\;C:\Program Files (x86)\NVIDIA Corporation\PhysX\Common;C:\Program Files\NVIDIA Corporation\NVIDIA NvDLISR;D:\download\edge download\jdk-18.0.2\bin;D:\download\edge download\jdk-18.0.2\jre\bin;C:\Program Files\Microsoft SQL Server\150\Tools\Binn\;C:\Program Files\NVIDIA Corporation\Nsight Compute 2022.1.1\;D:\install\CUDA\v11.6\bin;D:\install\CUDA\v11.6\include;D:\install\CUDA\v11.6\lib;D:\install\CUDA\v11.6\libnvvp;D:\install\Anaconda;D:\install\Anaconda\Scripts;D:\install\Anaconda\Library\bin;D:\install\Anaconda\Library\mingw-w64\bin;D:\download\vedio\ffmpeg-5.1-full_build-shared\bin;D:\install\maven\apache-maven-3.8.6\bin;D:\install\Anaconda;D:\install\Anaconda\Library\mingw-w64\bin;D:\install\Anaconda\Library\usr\bin;D:\install\Anaconda\Library\bin;D:\install\Anaconda\Scripts;C:\Users\rgd15\AppData\Local\Microsoft\WindowsApps;."/>
    <property name="java.vm.info" value="mixed mode, sharing"/>
    <property name="java.vendor" value="Oracle Corporation"/>
    <property name="java.vm.version" value="18.0.2+9-61"/>
    <property name="sun.io.unicode.encoding" value="UnicodeLittle"/>
    <property name="java.class.version" value="62.0"/>
  </properties>
  <testcase name="shouldAnswerWithTrue" classname="org.rgd.AppTest" time="0.002"/>
</testsuite>