<?xml version="1.0" encoding="UTF-8"?>
<!-- Generated by org.testng.reporters.JUnitReportReporter -->
<testsuite hostname="Rgd" failures="0" tests="1" name="cam.rgd.dempTest" time="0.005" errors="0" timestamp="2022-09-20T09:41:02 CST" skipped="0">
  <testcase classname="cam.rgd.dempTest" name="testSay" time="0.005"/>
  <system-out/>
</testsuite> <!-- cam.rgd.dempTest -->
